<?xml version="1.0" encoding="UTF-8"?>
<robot generator="Robot 6.1.1 (Python 3.11.3 on darwin)" generated="20231124 15:44:28.575" rpa="false" schemaversion="4">
<suite id="s1" name="Testcases" source="/Users/admin/temp/test/testcases">
<suite id="s1-s1" name="Logintestsuite" source="/Users/admin/temp/test/testcases/logintestsuite.robot">
<test id="s1-s1-t1" name="Test case 01" line="5">
<kw name="New Persistent Context" library="Browser">
<arg>https://robotframework.org/</arg>
<doc>Open a new
[https://playwright.dev/docs/api/class-browsertype#browser-type-launch-persistent-context | persistent context].</doc>
<msg timestamp="20231124 15:44:28.887" level="INFO">{
  "userDataDir": "https://robotframework.org/",
  "browser": "chromium",
  "headless": true,
  "acceptDownloads": true,
  "bypassCSP": false,
  "chromiumSandbox": false,
  "devtools": false,
  "forcedColors": "none",
  "handleSIGHUP": true,
  "handleSIGINT": true,
  "handleSIGTERM": true,
  "ignoreHTTPSErrors": false,
  "javaScriptEnabled": true,
  "offline": false,
  "reducedMotion": "no-preference",
  "serviceWorkers": "allow",
  "slowMo": 0.0,
  "timeout": 30000.0,
  "viewport": {
    "height": 720,
    "width": 1280
  },
  "tracesDir": "/Users/admin/temp/test/report/browser/traces/bfb22ac0-faa6-46ea-90e6-acd23e5a3833"
}</msg>
<msg timestamp="20231124 15:44:29.119" level="INFO">Successfully created context. </msg>
<msg timestamp="20231124 15:44:29.119" level="INFO">{'userDataDir': 'https://robotframework.org/', 'browser': 'chromium', 'headless': True, 'acceptDownloads': True, 'bypassCSP': False, 'chromiumSandbox': False, 'devtools': False, 'forcedColors': 'none', 'handleSIGHUP': True, 'handleSIGINT': True, 'handleSIGTERM': True, 'ignoreHTTPSErrors': False, 'javaScriptEnabled': True, 'offline': False, 'reducedMotion': 'no-preference', 'serviceWorkers': 'allow', 'slowMo': 0, 'timeout': 30000, 'viewport': {'height': 720, 'width': 1280}, 'tracesDir': '/Users/admin/temp/test/report/browser/traces/bfb22ac0-faa6-46ea-90e6-acd23e5a3833'}</msg>
<status status="PASS" starttime="20231124 15:44:28.887" endtime="20231124 15:44:29.119"/>
</kw>
<kw name="Wait For Elements State" library="Browser">
<arg>//*[contains(text(),'Log In')]</arg>
<arg>visible</arg>
<tag>PageContent</tag>
<tag>Wait</tag>
<doc>Waits for the element found by ``selector`` to satisfy state option.</doc>
<msg timestamp="20231124 15:44:39.195" level="INFO" html="true">&lt;/td&gt;&lt;/tr&gt;&lt;tr&gt;&lt;td colspan="3"&gt;&lt;a href="browser/screenshot/fail-screenshot-1.png" target="_blank"&gt;&lt;img src="browser/screenshot/fail-screenshot-1.png" width="800px"/&gt;&lt;/a&gt;</msg>
<msg timestamp="20231124 15:44:39.196" level="INFO">See also file:///Users/admin/temp/test/report/playwright-log.txt for additional details.</msg>
<msg timestamp="20231124 15:44:39.196" level="FAIL">TimeoutError: locator.waitFor: Timeout 10000ms exceeded.
=========================== logs ===========================
waiting for locator('xpath=//*[contains(text(),\'Log In\')]') to be visible
============================================================
Tip: Use "Set Browser Timeout" for increasing the timeout or double check your locator as the targeted element(s) couldn't be found.</msg>
<status status="FAIL" starttime="20231124 15:44:29.119" endtime="20231124 15:44:39.199"/>
</kw>
<status status="FAIL" starttime="20231124 15:44:28.886" endtime="20231124 15:44:39.199">TimeoutError: locator.waitFor: Timeout 10000ms exceeded.
=========================== logs ===========================
waiting for locator('xpath=//*[contains(text(),\'Log In\')]') to be visible
============================================================
Tip: Use "Set Browser Timeout" for increasing the timeout or double check your locator as the targeted element(s) couldn't be found.</status>
</test>
<status status="FAIL" starttime="20231124 15:44:28.582" endtime="20231124 15:44:39.237"/>
</suite>
<status status="FAIL" starttime="20231124 15:44:28.575" endtime="20231124 15:44:39.239"/>
</suite>
<statistics>
<total>
<stat pass="0" fail="1" skip="0">All Tests</stat>
</total>
<tag>
</tag>
<suite>
<stat pass="0" fail="1" skip="0" id="s1" name="Testcases">Testcases</stat>
<stat pass="0" fail="1" skip="0" id="s1-s1" name="Logintestsuite">Testcases.Logintestsuite</stat>
</suite>
</statistics>
<errors>
</errors>
</robot>
